<?xml version="1.0" encoding="UTF-8"?>
<testsuite xmlns:xsi="http://www.w3.org/2001/XMLSchema-instance" xsi:noNamespaceSchemaLocation="https://maven.apache.org/surefire/maven-surefire-plugin/xsd/surefire-test-report.xsd" version="3.0.2" name="com.project.googledrive.GoogledriveApplicationTests" time="1.036" tests="1" errors="0" skipped="0" failures="0">
  <properties>
    <property name="java.specification.version" value="25"/>
    <property name="sun.jnu.encoding" value="UTF-8"/>
    <property name="java.class.path" value="/Users/richapadhariya/Documents/Sem-1/INFO 5100/Mini-Google-Drive-Dropbox/backend/googledrive/target/test-classes:/Users/richapadhariya/Documents/Sem-1/INFO 5100/Mini-Google-Drive-Dropbox/backend/googledrive/target/classes:/Users/richapadhariya/.m2/repository/org/springframework/boot/spring-boot-starter-data-mongodb/3.5.7/spring-boot-starter-data-mongodb-3.5.7.jar:/Users/richapadhariya/.m2/repository/org/springframework/boot/spring-boot-starter/3.5.7/spring-boot-starter-3.5.7.jar:/Users/richapadhariya/.m2/repository/org/springframework/boot/spring-boot/3.5.7/spring-boot-3.5.7.jar:/Users/richapadhariya/.m2/repository/org/springframework/boot/spring-boot-autoconfigure/3.5.7/spring-boot-autoconfigure-3.5.7.jar:/Users/richapadhariya/.m2/repository/org/springframework/boot/spring-boot-starter-logging/3.5.7/spring-boot-starter-logging-3.5.7.jar:/Users/richapadhariya/.m2/repository/ch/qos/logback/logback-classic/1.5.20/logback-classic-1.5.20.jar:/Users/richapadhariya/.m2/repository/ch/qos/logback/logback-core/1.5.20/logback-core-1.5.20.jar:/Users/richapadhariya/.m2/repository/org/apache/logging/log4j/log4j-to-slf4j/2.24.3/log4j-to-slf4j-2.24.3.jar:/Users/richapadhariya/.m2/repository/org/apache/logging/log4j/log4j-api/2.24.3/log4j-api-2.24.3.jar:/Users/richapadhariya/.m2/repository/org/slf4j/jul-to-slf4j/2.0.17/jul-to-slf4j-2.0.17.jar:/Users/richapadhariya/.m2/repository/jakarta/annotation/jakarta.annotation-api/2.1.1/jakarta.annotation-api-2.1.1.jar:/Users/richapadhariya/.m2/repository/org/yaml/snakeyaml/2.4/snakeyaml-2.4.jar:/Users/richapadhariya/.m2/repository/org/mongodb/mongodb-driver-sync/5.5.2/mongodb-driver-sync-5.5.2.jar:/Users/richapadhariya/.m2/repository/org/mongodb/bson/5.5.2/bson-5.5.2.jar:/Users/richapadhariya/.m2/repository/org/mongodb/mongodb-driver-core/5.5.2/mongodb-driver-core-5.5.2.jar:/Users/richapadhariya/.m2/repository/org/mongodb/bson-record-codec/5.5.2/bson-record-codec-5.5.2.jar:/Users/richapadhariya/.m2/repository/org/springframework/data/spring-data-mongodb/4.5.5/spring-data-mongodb-4.5.5.jar:/Users/richapadhariya/.m2/repository/org/springframework/spring-tx/6.2.12/spring-tx-6.2.12.jar:/Users/richapadhariya/.m2/repository/org/springframework/spring-context/6.2.12/spring-context-6.2.12.jar:/Users/richapadhariya/.m2/repository/org/springframework/spring-beans/6.2.12/spring-beans-6.2.12.jar:/Users/richapadhariya/.m2/repository/org/springframework/spring-expression/6.2.12/spring-expression-6.2.12.jar:/Users/richapadhariya/.m2/repository/org/springframework/data/spring-data-commons/3.5.5/spring-data-commons-3.5.5.jar:/Users/richapadhariya/.m2/repository/org/slf4j/slf4j-api/2.0.17/slf4j-api-2.0.17.jar:/Users/richapadhariya/.m2/repository/org/springframework/boot/spring-boot-starter-security/3.5.7/spring-boot-starter-security-3.5.7.jar:/Users/richapadhariya/.m2/repository/org/springframework/spring-aop/6.2.12/spring-aop-6.2.12.jar:/Users/richapadhariya/.m2/repository/org/springframework/security/spring-security-config/6.5.6/spring-security-config-6.5.6.jar:/Users/richapadhariya/.m2/repository/org/springframework/security/spring-security-web/6.5.6/spring-security-web-6.5.6.jar:/Users/richapadhariya/.m2/repository/org/springframework/boot/spring-boot-starter-validation/3.5.7/spring-boot-starter-validation-3.5.7.jar:/Users/richapadhariya/.m2/repository/org/apache/tomcat/embed/tomcat-embed-el/10.1.48/tomcat-embed-el-10.1.48.jar:/Users/richapadhariya/.m2/repository/org/hibernate/validator/hibernate-validator/8.0.3.Final/hibernate-validator-8.0.3.Final.jar:/Users/richapadhariya/.m2/repository/jakarta/validation/jakarta.validation-api/3.0.2/jakarta.validation-api-3.0.2.jar:/Users/richapadhariya/.m2/repository/org/jboss/logging/jboss-logging/3.6.1.Final/jboss-logging-3.6.1.Final.jar:/Users/richapadhariya/.m2/repository/com/fasterxml/classmate/1.7.1/classmate-1.7.1.jar:/Users/richapadhariya/.m2/repository/org/springframework/boot/spring-boot-starter-web/3.5.7/spring-boot-starter-web-3.5.7.jar:/Users/richapadhariya/.m2/repository/org/springframework/boot/spring-boot-starter-json/3.5.7/spring-boot-starter-json-3.5.7.jar:/Users/richapadhariya/.m2/repository/com/fasterxml/jackson/datatype/jackson-datatype-jdk8/2.19.2/jackson-datatype-jdk8-2.19.2.jar:/Users/richapadhariya/.m2/repository/com/fasterxml/jackson/datatype/jackson-datatype-jsr310/2.19.2/jackson-datatype-jsr310-2.19.2.jar:/Users/richapadhariya/.m2/repository/com/fasterxml/jackson/module/jackson-module-parameter-names/2.19.2/jackson-module-parameter-names-2.19.2.jar:/Users/richapadhariya/.m2/repository/org/springframework/boot/spring-boot-starter-tomcat/3.5.7/spring-boot-starter-tomcat-3.5.7.jar:/Users/richapadhariya/.m2/repository/org/apache/tomcat/embed/tomcat-embed-core/10.1.48/tomcat-embed-core-10.1.48.jar:/Users/richapadhariya/.m2/repository/org/apache/tomcat/embed/tomcat-embed-websocket/10.1.48/tomcat-embed-websocket-10.1.48.jar:/Users/richapadhariya/.m2/repository/org/springframework/spring-web/6.2.12/spring-web-6.2.12.jar:/Users/richapadhariya/.m2/repository/io/micrometer/micrometer-observation/1.15.5/micrometer-observation-1.15.5.jar:/Users/richapadhariya/.m2/repository/io/micrometer/micrometer-commons/1.15.5/micrometer-commons-1.15.5.jar:/Users/richapadhariya/.m2/repository/org/springframework/spring-webmvc/6.2.12/spring-webmvc-6.2.12.jar:/Users/richapadhariya/.m2/repository/org/projectlombok/lombok/1.18.42/lombok-1.18.42.jar:/Users/richapadhariya/.m2/repository/org/springframework/boot/spring-boot-starter-test/3.5.7/spring-boot-starter-test-3.5.7.jar:/Users/richapadhariya/.m2/repository/org/springframework/boot/spring-boot-test/3.5.7/spring-boot-test-3.5.7.jar:/Users/richapadhariya/.m2/repository/org/springframework/boot/spring-boot-test-autoconfigure/3.5.7/spring-boot-test-autoconfigure-3.5.7.jar:/Users/richapadhariya/.m2/repository/com/jayway/jsonpath/json-path/2.9.0/json-path-2.9.0.jar:/Users/richapadhariya/.m2/repository/jakarta/xml/bind/jakarta.xml.bind-api/4.0.4/jakarta.xml.bind-api-4.0.4.jar:/Users/richapadhariya/.m2/repository/jakarta/activation/jakarta.activation-api/2.1.4/jakarta.activation-api-2.1.4.jar:/Users/richapadhariya/.m2/repository/net/minidev/json-smart/2.5.2/json-smart-2.5.2.jar:/Users/richapadhariya/.m2/repository/net/minidev/accessors-smart/2.5.2/accessors-smart-2.5.2.jar:/Users/richapadhariya/.m2/repository/org/ow2/asm/asm/9.7.1/asm-9.7.1.jar:/Users/richapadhariya/.m2/repository/org/assertj/assertj-core/3.27.6/assertj-core-3.27.6.jar:/Users/richapadhariya/.m2/repository/net/bytebuddy/byte-buddy/1.17.8/byte-buddy-1.17.8.jar:/Users/richapadhariya/.m2/repository/org/awaitility/awaitility/4.2.2/awaitility-4.2.2.jar:/Users/richapadhariya/.m2/repository/org/hamcrest/hamcrest/3.0/hamcrest-3.0.jar:/Users/richapadhariya/.m2/repository/org/junit/jupiter/junit-jupiter/5.12.2/junit-jupiter-5.12.2.jar:/Users/richapadhariya/.m2/repository/org/junit/jupiter/junit-jupiter-api/5.12.2/junit-jupiter-api-5.12.2.jar:/Users/richapadhariya/.m2/repository/org/opentest4j/opentest4j/1.3.0/opentest4j-1.3.0.jar:/Users/richapadhariya/.m2/repository/org/junit/platform/junit-platform-commons/1.12.2/junit-platform-commons-1.12.2.jar:/Users/richapadhariya/.m2/repository/org/apiguardian/apiguardian-api/1.1.2/apiguardian-api-1.1.2.jar:/Users/richapadhariya/.m2/repository/org/junit/jupiter/junit-jupiter-params/5.12.2/junit-jupiter-params-5.12.2.jar:/Users/richapadhariya/.m2/repository/org/junit/jupiter/junit-jupiter-engine/5.12.2/junit-jupiter-engine-5.12.2.jar:/Users/richapadhariya/.m2/repository/org/junit/platform/junit-platform-engine/1.12.2/junit-platform-engine-1.12.2.jar:/Users/richapadhariya/.m2/repository/org/mockito/mockito-core/5.17.0/mockito-core-5.17.0.jar:/Users/richapadhariya/.m2/repository/net/bytebuddy/byte-buddy-agent/1.17.8/byte-buddy-agent-1.17.8.jar:/Users/richapadhariya/.m2/repository/org/objenesis/objenesis/3.3/objenesis-3.3.jar:/Users/richapadhariya/.m2/repository/org/mockito/mockito-junit-jupiter/5.17.0/mockito-junit-jupiter-5.17.0.jar:/Users/richapadhariya/.m2/repository/org/skyscreamer/jsonassert/1.5.3/jsonassert-1.5.3.jar:/Users/richapadhariya/.m2/repository/com/vaadin/external/google/android-json/0.0.20131108.vaadin1/android-json-0.0.20131108.vaadin1.jar:/Users/richapadhariya/.m2/repository/org/springframework/spring-core/6.2.12/spring-core-6.2.12.jar:/Users/richapadhariya/.m2/repository/org/springframework/spring-jcl/6.2.12/spring-jcl-6.2.12.jar:/Users/richapadhariya/.m2/repository/org/springframework/spring-test/6.2.12/spring-test-6.2.12.jar:/Users/richapadhariya/.m2/repository/org/xmlunit/xmlunit-core/2.10.4/xmlunit-core-2.10.4.jar:/Users/richapadhariya/.m2/repository/org/springframework/security/spring-security-test/6.5.6/spring-security-test-6.5.6.jar:/Users/richapadhariya/.m2/repository/org/springframework/security/spring-security-core/6.5.6/spring-security-core-6.5.6.jar:/Users/richapadhariya/.m2/repository/org/springframework/security/spring-security-crypto/6.5.6/spring-security-crypto-6.5.6.jar:/Users/richapadhariya/.m2/repository/io/jsonwebtoken/jjwt-api/0.11.5/jjwt-api-0.11.5.jar:/Users/richapadhariya/.m2/repository/io/jsonwebtoken/jjwt-impl/0.11.5/jjwt-impl-0.11.5.jar:/Users/richapadhariya/.m2/repository/io/jsonwebtoken/jjwt-jackson/0.11.5/jjwt-jackson-0.11.5.jar:/Users/richapadhariya/.m2/repository/com/fasterxml/jackson/core/jackson-databind/2.19.2/jackson-databind-2.19.2.jar:/Users/richapadhariya/.m2/repository/com/fasterxml/jackson/core/jackson-annotations/2.19.2/jackson-annotations-2.19.2.jar:/Users/richapadhariya/.m2/repository/com/fasterxml/jackson/core/jackson-core/2.19.2/jackson-core-2.19.2.jar:/Users/richapadhariya/.m2/repository/software/amazon/awssdk/s3/2.20.0/s3-2.20.0.jar:/Users/richapadhariya/.m2/repository/software/amazon/awssdk/aws-xml-protocol/2.20.0/aws-xml-protocol-2.20.0.jar:/Users/richapadhariya/.m2/repository/software/amazon/awssdk/aws-query-protocol/2.20.0/aws-query-protocol-2.20.0.jar:/Users/richapadhariya/.m2/repository/software/amazon/awssdk/protocol-core/2.20.0/protocol-core-2.20.0.jar:/Users/richapadhariya/.m2/repository/software/amazon/awssdk/arns/2.20.0/arns-2.20.0.jar:/Users/richapadhariya/.m2/repository/software/amazon/awssdk/profiles/2.20.0/profiles-2.20.0.jar:/Users/richapadhariya/.m2/repository/software/amazon/awssdk/sdk-core/2.20.0/sdk-core-2.20.0.jar:/Users/richapadhariya/.m2/repository/org/reactivestreams/reactive-streams/1.0.4/reactive-streams-1.0.4.jar:/Users/richapadhariya/.m2/repository/software/amazon/awssdk/auth/2.20.0/auth-2.20.0.jar:/Users/richapadhariya/.m2/repository/software/amazon/eventstream/eventstream/1.0.1/eventstream-1.0.1.jar:/Users/richapadhariya/.m2/repository/software/amazon/awssdk/http-client-spi/2.20.0/http-client-spi-2.20.0.jar:/Users/richapadhariya/.m2/repository/software/amazon/awssdk/regions/2.20.0/regions-2.20.0.jar:/Users/richapadhariya/.m2/repository/software/amazon/awssdk/annotations/2.20.0/annotations-2.20.0.jar:/Users/richapadhariya/.m2/repository/software/amazon/awssdk/utils/2.20.0/utils-2.20.0.jar:/Users/richapadhariya/.m2/repository/software/amazon/awssdk/aws-core/2.20.0/aws-core-2.20.0.jar:/Users/richapadhariya/.m2/repository/software/amazon/awssdk/metrics-spi/2.20.0/metrics-spi-2.20.0.jar:/Users/richapadhariya/.m2/repository/software/amazon/awssdk/json-utils/2.20.0/json-utils-2.20.0.jar:/Users/richapadhariya/.m2/repository/software/amazon/awssdk/third-party-jackson-core/2.20.0/third-party-jackson-core-2.20.0.jar:/Users/richapadhariya/.m2/repository/software/amazon/awssdk/endpoints-spi/2.20.0/endpoints-spi-2.20.0.jar:/Users/richapadhariya/.m2/repository/software/amazon/awssdk/apache-client/2.20.0/apache-client-2.20.0.jar:/Users/richapadhariya/.m2/repository/org/apache/httpcomponents/httpclient/4.5.13/httpclient-4.5.13.jar:/Users/richapadhariya/.m2/repository/commons-logging/commons-logging/1.2/commons-logging-1.2.jar:/Users/richapadhariya/.m2/repository/commons-codec/commons-codec/1.18.0/commons-codec-1.18.0.jar:/Users/richapadhariya/.m2/repository/org/apache/httpcomponents/httpcore/4.4.16/httpcore-4.4.16.jar:/Users/richapadhariya/.m2/repository/software/amazon/awssdk/netty-nio-client/2.20.0/netty-nio-client-2.20.0.jar:/Users/richapadhariya/.m2/repository/io/netty/netty-codec-http/4.1.128.Final/netty-codec-http-4.1.128.Final.jar:/Users/richapadhariya/.m2/repository/io/netty/netty-codec-http2/4.1.128.Final/netty-codec-http2-4.1.128.Final.jar:/Users/richapadhariya/.m2/repository/io/netty/netty-codec/4.1.128.Final/netty-codec-4.1.128.Final.jar:/Users/richapadhariya/.m2/repository/io/netty/netty-transport/4.1.128.Final/netty-transport-4.1.128.Final.jar:/Users/richapadhariya/.m2/repository/io/netty/netty-resolver/4.1.128.Final/netty-resolver-4.1.128.Final.jar:/Users/richapadhariya/.m2/repository/io/netty/netty-common/4.1.128.Final/netty-common-4.1.128.Final.jar:/Users/richapadhariya/.m2/repository/io/netty/netty-buffer/4.1.128.Final/netty-buffer-4.1.128.Final.jar:/Users/richapadhariya/.m2/repository/io/netty/netty-handler/4.1.128.Final/netty-handler-4.1.128.Final.jar:/Users/richapadhariya/.m2/repository/io/netty/netty-transport-native-unix-common/4.1.128.Final/netty-transport-native-unix-common-4.1.128.Final.jar:/Users/richapadhariya/.m2/repository/io/netty/netty-transport-classes-epoll/4.1.128.Final/netty-transport-classes-epoll-4.1.128.Final.jar:"/>
    <property name="java.vm.vendor" value="Homebrew"/>
    <property name="sun.arch.data.model" value="64"/>
    <property name="java.vendor.url" value="https://github.com/Homebrew/homebrew-core/issues"/>
    <property name="user.timezone" value="America/Los_Angeles"/>
    <property name="org.jboss.logging.provider" value="slf4j"/>
    <property name="os.name" value="Mac OS X"/>
    <property name="java.vm.specification.version" value="25"/>
    <property name="APPLICATION_NAME" value="googledrive"/>
    <property name="sun.java.launcher" value="SUN_STANDARD"/>
    <property name="user.country" value="US"/>
    <property name="sun.boot.library.path" value="/opt/homebrew/Cellar/openjdk/25/libexec/openjdk.jdk/Contents/Home/lib"/>
    <property name="sun.java.command" value="/Users/richapadhariya/Documents/Sem-1/INFO 5100/Mini-Google-Drive-Dropbox/backend/googledrive/target/surefire/surefirebooter-20251027124828039_3.jar /Users/richapadhariya/Documents/Sem-1/INFO 5100/Mini-Google-Drive-Dropbox/backend/googledrive/target/surefire 2025-10-27T12-48-27_296-jvmRun1 surefire-20251027124828039_1tmp surefire_0-20251027124828039_2tmp"/>
    <property name="http.nonProxyHosts" value="local|*.local|169.254/16|*.169.254/16"/>
    <property name="jdk.debug" value="release"/>
    <property name="surefire.test.class.path" value="/Users/richapadhariya/Documents/Sem-1/INFO 5100/Mini-Google-Drive-Dropbox/backend/googledrive/target/test-classes:/Users/richapadhariya/Documents/Sem-1/INFO 5100/Mini-Google-Drive-Dropbox/backend/googledrive/target/classes:/Users/richapadhariya/.m2/repository/org/springframework/boot/spring-boot-starter-data-mongodb/3.5.7/spring-boot-starter-data-mongodb-3.5.7.jar:/Users/richapadhariya/.m2/repository/org/springframework/boot/spring-boot-starter/3.5.7/spring-boot-starter-3.5.7.jar:/Users/richapadhariya/.m2/repository/org/springframework/boot/spring-boot/3.5.7/spring-boot-3.5.7.jar:/Users/richapadhariya/.m2/repository/org/springframework/boot/spring-boot-autoconfigure/3.5.7/spring-boot-autoconfigure-3.5.7.jar:/Users/richapadhariya/.m2/repository/org/springframework/boot/spring-boot-starter-logging/3.5.7/spring-boot-starter-logging-3.5.7.jar:/Users/richapadhariya/.m2/repository/ch/qos/logback/logback-classic/1.5.20/logback-classic-1.5.20.jar:/Users/richapadhariya/.m2/repository/ch/qos/logback/logback-core/1.5.20/logback-core-1.5.20.jar:/Users/richapadhariya/.m2/repository/org/apache/logging/log4j/log4j-to-slf4j/2.24.3/log4j-to-slf4j-2.24.3.jar:/Users/richapadhariya/.m2/repository/org/apache/logging/log4j/log4j-api/2.24.3/log4j-api-2.24.3.jar:/Users/richapadhariya/.m2/repository/org/slf4j/jul-to-slf4j/2.0.17/jul-to-slf4j-2.0.17.jar:/Users/richapadhariya/.m2/repository/jakarta/annotation/jakarta.annotation-api/2.1.1/jakarta.annotation-api-2.1.1.jar:/Users/richapadhariya/.m2/repository/org/yaml/snakeyaml/2.4/snakeyaml-2.4.jar:/Users/richapadhariya/.m2/repository/org/mongodb/mongodb-driver-sync/5.5.2/mongodb-driver-sync-5.5.2.jar:/Users/richapadhariya/.m2/repository/org/mongodb/bson/5.5.2/bson-5.5.2.jar:/Users/richapadhariya/.m2/repository/org/mongodb/mongodb-driver-core/5.5.2/mongodb-driver-core-5.5.2.jar:/Users/richapadhariya/.m2/repository/org/mongodb/bson-record-codec/5.5.2/bson-record-codec-5.5.2.jar:/Users/richapadhariya/.m2/repository/org/springframework/data/spring-data-mongodb/4.5.5/spring-data-mongodb-4.5.5.jar:/Users/richapadhariya/.m2/repository/org/springframework/spring-tx/6.2.12/spring-tx-6.2.12.jar:/Users/richapadhariya/.m2/repository/org/springframework/spring-context/6.2.12/spring-context-6.2.12.jar:/Users/richapadhariya/.m2/repository/org/springframework/spring-beans/6.2.12/spring-beans-6.2.12.jar:/Users/richapadhariya/.m2/repository/org/springframework/spring-expression/6.2.12/spring-expression-6.2.12.jar:/Users/richapadhariya/.m2/repository/org/springframework/data/spring-data-commons/3.5.5/spring-data-commons-3.5.5.jar:/Users/richapadhariya/.m2/repository/org/slf4j/slf4j-api/2.0.17/slf4j-api-2.0.17.jar:/Users/richapadhariya/.m2/repository/org/springframework/boot/spring-boot-starter-security/3.5.7/spring-boot-starter-security-3.5.7.jar:/Users/richapadhariya/.m2/repository/org/springframework/spring-aop/6.2.12/spring-aop-6.2.12.jar:/Users/richapadhariya/.m2/repository/org/springframework/security/spring-security-config/6.5.6/spring-security-config-6.5.6.jar:/Users/richapadhariya/.m2/repository/org/springframework/security/spring-security-web/6.5.6/spring-security-web-6.5.6.jar:/Users/richapadhariya/.m2/repository/org/springframework/boot/spring-boot-starter-validation/3.5.7/spring-boot-starter-validation-3.5.7.jar:/Users/richapadhariya/.m2/repository/org/apache/tomcat/embed/tomcat-embed-el/10.1.48/tomcat-embed-el-10.1.48.jar:/Users/richapadhariya/.m2/repository/org/hibernate/validator/hibernate-validator/8.0.3.Final/hibernate-validator-8.0.3.Final.jar:/Users/richapadhariya/.m2/repository/jakarta/validation/jakarta.validation-api/3.0.2/jakarta.validation-api-3.0.2.jar:/Users/richapadhariya/.m2/repository/org/jboss/logging/jboss-logging/3.6.1.Final/jboss-logging-3.6.1.Final.jar:/Users/richapadhariya/.m2/repository/com/fasterxml/classmate/1.7.1/classmate-1.7.1.jar:/Users/richapadhariya/.m2/repository/org/springframework/boot/spring-boot-starter-web/3.5.7/spring-boot-starter-web-3.5.7.jar:/Users/richapadhariya/.m2/repository/org/springframework/boot/spring-boot-starter-json/3.5.7/spring-boot-starter-json-3.5.7.jar:/Users/richapadhariya/.m2/repository/com/fasterxml/jackson/datatype/jackson-datatype-jdk8/2.19.2/jackson-datatype-jdk8-2.19.2.jar:/Users/richapadhariya/.m2/repository/com/fasterxml/jackson/datatype/jackson-datatype-jsr310/2.19.2/jackson-datatype-jsr310-2.19.2.jar:/Users/richapadhariya/.m2/repository/com/fasterxml/jackson/module/jackson-module-parameter-names/2.19.2/jackson-module-parameter-names-2.19.2.jar:/Users/richapadhariya/.m2/repository/org/springframework/boot/spring-boot-starter-tomcat/3.5.7/spring-boot-starter-tomcat-3.5.7.jar:/Users/richapadhariya/.m2/repository/org/apache/tomcat/embed/tomcat-embed-core/10.1.48/tomcat-embed-core-10.1.48.jar:/Users/richapadhariya/.m2/repository/org/apache/tomcat/embed/tomcat-embed-websocket/10.1.48/tomcat-embed-websocket-10.1.48.jar:/Users/richapadhariya/.m2/repository/org/springframework/spring-web/6.2.12/spring-web-6.2.12.jar:/Users/richapadhariya/.m2/repository/io/micrometer/micrometer-observation/1.15.5/micrometer-observation-1.15.5.jar:/Users/richapadhariya/.m2/repository/io/micrometer/micrometer-commons/1.15.5/micrometer-commons-1.15.5.jar:/Users/richapadhariya/.m2/repository/org/springframework/spring-webmvc/6.2.12/spring-webmvc-6.2.12.jar:/Users/richapadhariya/.m2/repository/org/projectlombok/lombok/1.18.42/lombok-1.18.42.jar:/Users/richapadhariya/.m2/repository/org/springframework/boot/spring-boot-starter-test/3.5.7/spring-boot-starter-test-3.5.7.jar:/Users/richapadhariya/.m2/repository/org/springframework/boot/spring-boot-test/3.5.7/spring-boot-test-3.5.7.jar:/Users/richapadhariya/.m2/repository/org/springframework/boot/spring-boot-test-autoconfigure/3.5.7/spring-boot-test-autoconfigure-3.5.7.jar:/Users/richapadhariya/.m2/repository/com/jayway/jsonpath/json-path/2.9.0/json-path-2.9.0.jar:/Users/richapadhariya/.m2/repository/jakarta/xml/bind/jakarta.xml.bind-api/4.0.4/jakarta.xml.bind-api-4.0.4.jar:/Users/richapadhariya/.m2/repository/jakarta/activation/jakarta.activation-api/2.1.4/jakarta.activation-api-2.1.4.jar:/Users/richapadhariya/.m2/repository/net/minidev/json-smart/2.5.2/json-smart-2.5.2.jar:/Users/richapadhariya/.m2/repository/net/minidev/accessors-smart/2.5.2/accessors-smart-2.5.2.jar:/Users/richapadhariya/.m2/repository/org/ow2/asm/asm/9.7.1/asm-9.7.1.jar:/Users/richapadhariya/.m2/repository/org/assertj/assertj-core/3.27.6/assertj-core-3.27.6.jar:/Users/richapadhariya/.m2/repository/net/bytebuddy/byte-buddy/1.17.8/byte-buddy-1.17.8.jar:/Users/richapadhariya/.m2/repository/org/awaitility/awaitility/4.2.2/awaitility-4.2.2.jar:/Users/richapadhariya/.m2/repository/org/hamcrest/hamcrest/3.0/hamcrest-3.0.jar:/Users/richapadhariya/.m2/repository/org/junit/jupiter/junit-jupiter/5.12.2/junit-jupiter-5.12.2.jar:/Users/richapadhariya/.m2/repository/org/junit/jupiter/junit-jupiter-api/5.12.2/junit-jupiter-api-5.12.2.jar:/Users/richapadhariya/.m2/repository/org/opentest4j/opentest4j/1.3.0/opentest4j-1.3.0.jar:/Users/richapadhariya/.m2/repository/org/junit/platform/junit-platform-commons/1.12.2/junit-platform-commons-1.12.2.jar:/Users/richapadhariya/.m2/repository/org/apiguardian/apiguardian-api/1.1.2/apiguardian-api-1.1.2.jar:/Users/richapadhariya/.m2/repository/org/junit/jupiter/junit-jupiter-params/5.12.2/junit-jupiter-params-5.12.2.jar:/Users/richapadhariya/.m2/repository/org/junit/jupiter/junit-jupiter-engine/5.12.2/junit-jupiter-engine-5.12.2.jar:/Users/richapadhariya/.m2/repository/org/junit/platform/junit-platform-engine/1.12.2/junit-platform-engine-1.12.2.jar:/Users/richapadhariya/.m2/repository/org/mockito/mockito-core/5.17.0/mockito-core-5.17.0.jar:/Users/richapadhariya/.m2/repository/net/bytebuddy/byte-buddy-agent/1.17.8/byte-buddy-agent-1.17.8.jar:/Users/richapadhariya/.m2/repository/org/objenesis/objenesis/3.3/objenesis-3.3.jar:/Users/richapadhariya/.m2/repository/org/mockito/mockito-junit-jupiter/5.17.0/mockito-junit-jupiter-5.17.0.jar:/Users/richapadhariya/.m2/repository/org/skyscreamer/jsonassert/1.5.3/jsonassert-1.5.3.jar:/Users/richapadhariya/.m2/repository/com/vaadin/external/google/android-json/0.0.20131108.vaadin1/android-json-0.0.20131108.vaadin1.jar:/Users/richapadhariya/.m2/repository/org/springframework/spring-core/6.2.12/spring-core-6.2.12.jar:/Users/richapadhariya/.m2/repository/org/springframework/spring-jcl/6.2.12/spring-jcl-6.2.12.jar:/Users/richapadhariya/.m2/repository/org/springframework/spring-test/6.2.12/spring-test-6.2.12.jar:/Users/richapadhariya/.m2/repository/org/xmlunit/xmlunit-core/2.10.4/xmlunit-core-2.10.4.jar:/Users/richapadhariya/.m2/repository/org/springframework/security/spring-security-test/6.5.6/spring-security-test-6.5.6.jar:/Users/richapadhariya/.m2/repository/org/springframework/security/spring-security-core/6.5.6/spring-security-core-6.5.6.jar:/Users/richapadhariya/.m2/repository/org/springframework/security/spring-security-crypto/6.5.6/spring-security-crypto-6.5.6.jar:/Users/richapadhariya/.m2/repository/io/jsonwebtoken/jjwt-api/0.11.5/jjwt-api-0.11.5.jar:/Users/richapadhariya/.m2/repository/io/jsonwebtoken/jjwt-impl/0.11.5/jjwt-impl-0.11.5.jar:/Users/richapadhariya/.m2/repository/io/jsonwebtoken/jjwt-jackson/0.11.5/jjwt-jackson-0.11.5.jar:/Users/richapadhariya/.m2/repository/com/fasterxml/jackson/core/jackson-databind/2.19.2/jackson-databind-2.19.2.jar:/Users/richapadhariya/.m2/repository/com/fasterxml/jackson/core/jackson-annotations/2.19.2/jackson-annotations-2.19.2.jar:/Users/richapadhariya/.m2/repository/com/fasterxml/jackson/core/jackson-core/2.19.2/jackson-core-2.19.2.jar:/Users/richapadhariya/.m2/repository/software/amazon/awssdk/s3/2.20.0/s3-2.20.0.jar:/Users/richapadhariya/.m2/repository/software/amazon/awssdk/aws-xml-protocol/2.20.0/aws-xml-protocol-2.20.0.jar:/Users/richapadhariya/.m2/repository/software/amazon/awssdk/aws-query-protocol/2.20.0/aws-query-protocol-2.20.0.jar:/Users/richapadhariya/.m2/repository/software/amazon/awssdk/protocol-core/2.20.0/protocol-core-2.20.0.jar:/Users/richapadhariya/.m2/repository/software/amazon/awssdk/arns/2.20.0/arns-2.20.0.jar:/Users/richapadhariya/.m2/repository/software/amazon/awssdk/profiles/2.20.0/profiles-2.20.0.jar:/Users/richapadhariya/.m2/repository/software/amazon/awssdk/sdk-core/2.20.0/sdk-core-2.20.0.jar:/Users/richapadhariya/.m2/repository/org/reactivestreams/reactive-streams/1.0.4/reactive-streams-1.0.4.jar:/Users/richapadhariya/.m2/repository/software/amazon/awssdk/auth/2.20.0/auth-2.20.0.jar:/Users/richapadhariya/.m2/repository/software/amazon/eventstream/eventstream/1.0.1/eventstream-1.0.1.jar:/Users/richapadhariya/.m2/repository/software/amazon/awssdk/http-client-spi/2.20.0/http-client-spi-2.20.0.jar:/Users/richapadhariya/.m2/repository/software/amazon/awssdk/regions/2.20.0/regions-2.20.0.jar:/Users/richapadhariya/.m2/repository/software/amazon/awssdk/annotations/2.20.0/annotations-2.20.0.jar:/Users/richapadhariya/.m2/repository/software/amazon/awssdk/utils/2.20.0/utils-2.20.0.jar:/Users/richapadhariya/.m2/repository/software/amazon/awssdk/aws-core/2.20.0/aws-core-2.20.0.jar:/Users/richapadhariya/.m2/repository/software/amazon/awssdk/metrics-spi/2.20.0/metrics-spi-2.20.0.jar:/Users/richapadhariya/.m2/repository/software/amazon/awssdk/json-utils/2.20.0/json-utils-2.20.0.jar:/Users/richapadhariya/.m2/repository/software/amazon/awssdk/third-party-jackson-core/2.20.0/third-party-jackson-core-2.20.0.jar:/Users/richapadhariya/.m2/repository/software/amazon/awssdk/endpoints-spi/2.20.0/endpoints-spi-2.20.0.jar:/Users/richapadhariya/.m2/repository/software/amazon/awssdk/apache-client/2.20.0/apache-client-2.20.0.jar:/Users/richapadhariya/.m2/repository/org/apache/httpcomponents/httpclient/4.5.13/httpclient-4.5.13.jar:/Users/richapadhariya/.m2/repository/commons-logging/commons-logging/1.2/commons-logging-1.2.jar:/Users/richapadhariya/.m2/repository/commons-codec/commons-codec/1.18.0/commons-codec-1.18.0.jar:/Users/richapadhariya/.m2/repository/org/apache/httpcomponents/httpcore/4.4.16/httpcore-4.4.16.jar:/Users/richapadhariya/.m2/repository/software/amazon/awssdk/netty-nio-client/2.20.0/netty-nio-client-2.20.0.jar:/Users/richapadhariya/.m2/repository/io/netty/netty-codec-http/4.1.128.Final/netty-codec-http-4.1.128.Final.jar:/Users/richapadhariya/.m2/repository/io/netty/netty-codec-http2/4.1.128.Final/netty-codec-http2-4.1.128.Final.jar:/Users/richapadhariya/.m2/repository/io/netty/netty-codec/4.1.128.Final/netty-codec-4.1.128.Final.jar:/Users/richapadhariya/.m2/repository/io/netty/netty-transport/4.1.128.Final/netty-transport-4.1.128.Final.jar:/Users/richapadhariya/.m2/repository/io/netty/netty-resolver/4.1.128.Final/netty-resolver-4.1.128.Final.jar:/Users/richapadhariya/.m2/repository/io/netty/netty-common/4.1.128.Final/netty-common-4.1.128.Final.jar:/Users/richapadhariya/.m2/repository/io/netty/netty-buffer/4.1.128.Final/netty-buffer-4.1.128.Final.jar:/Users/richapadhariya/.m2/repository/io/netty/netty-handler/4.1.128.Final/netty-handler-4.1.128.Final.jar:/Users/richapadhariya/.m2/repository/io/netty/netty-transport-native-unix-common/4.1.128.Final/netty-transport-native-unix-common-4.1.128.Final.jar:/Users/richapadhariya/.m2/repository/io/netty/netty-transport-classes-epoll/4.1.128.Final/netty-transport-classes-epoll-4.1.128.Final.jar:"/>
    <property name="sun.cpu.endian" value="little"/>
    <property name="user.home" value="/Users/richapadhariya"/>
    <property name="user.language" value="en"/>
    <property name="java.specification.vendor" value="Oracle Corporation"/>
    <property name="java.version.date" value="2025-09-16"/>
    <property name="java.home" value="/opt/homebrew/Cellar/openjdk/25/libexec/openjdk.jdk/Contents/Home"/>
    <property name="file.separator" value="/"/>
    <property name="basedir" value="/Users/richapadhariya/Documents/Sem-1/INFO 5100/Mini-Google-Drive-Dropbox/backend/googledrive"/>
    <property name="java.vm.compressedOopsMode" value="Zero based"/>
    <property name="line.separator" value="&#10;"/>
    <property name="java.vm.specification.vendor" value="Oracle Corporation"/>
    <property name="java.specification.name" value="Java Platform API Specification"/>
    <property name="FILE_LOG_CHARSET" value="UTF-8"/>
    <property name="java.awt.headless" value="true"/>
    <property name="apple.awt.application.name" value="ForkedBooter"/>
    <property name="surefire.real.class.path" value="/Users/richapadhariya/Documents/Sem-1/INFO 5100/Mini-Google-Drive-Dropbox/backend/googledrive/target/surefire/surefirebooter-20251027124828039_3.jar"/>
    <property name="sun.management.compiler" value="HotSpot 64-Bit Tiered Compilers"/>
    <property name="ftp.nonProxyHosts" value="local|*.local|169.254/16|*.169.254/16"/>
    <property name="java.runtime.version" value="25"/>
    <property name="user.name" value="richapadhariya"/>
    <property name="stdout.encoding" value="UTF-8"/>
    <property name="path.separator" value=":"/>
    <property name="os.version" value="15.6"/>
    <property name="java.runtime.name" value="OpenJDK Runtime Environment"/>
    <property name="file.encoding" value="UTF-8"/>
    <property name="java.vm.name" value="OpenJDK 64-Bit Server VM"/>
    <property name="java.vendor.version" value="Homebrew"/>
    <property name="localRepository" value="/Users/richapadhariya/.m2/repository"/>
    <property name="java.vendor.url.bug" value="https://github.com/Homebrew/homebrew-core/issues"/>
    <property name="java.io.tmpdir" value="/var/folders/2b/vm5_9jj92cs2frkvgyfyrlvh0000gn/T/"/>
    <property name="java.version" value="25"/>
    <property name="user.dir" value="/Users/richapadhariya/Documents/Sem-1/INFO 5100/Mini-Google-Drive-Dropbox/backend/googledrive"/>
    <property name="os.arch" value="aarch64"/>
    <property name="java.vm.specification.name" value="Java Virtual Machine Specification"/>
    <property name="PID" value="88931"/>
    <property name="CONSOLE_LOG_CHARSET" value="UTF-8"/>
    <property name="native.encoding" value="UTF-8"/>
    <property name="java.library.path" value="/Users/richapadhariya/Library/Java/Extensions:/Library/Java/Extensions:/Network/Library/Java/Extensions:/System/Library/Java/Extensions:/usr/lib/java:."/>
    <property name="java.vm.info" value="mixed mode, sharing"/>
    <property name="stderr.encoding" value="UTF-8"/>
    <property name="java.vendor" value="Homebrew"/>
    <property name="java.vm.version" value="25"/>
    <property name="stdin.encoding" value="UTF-8"/>
    <property name="sun.io.unicode.encoding" value="UnicodeBig"/>
    <property name="socksNonProxyHosts" value="local|*.local|169.254/16|*.169.254/16"/>
    <property name="java.class.version" value="69.0"/>
    <property name="LOGGED_APPLICATION_NAME" value="[googledrive] "/>
  </properties>
  <testcase name="contextLoads" classname="com.project.googledrive.GoogledriveApplicationTests" time="0.278">
    <system-out><![CDATA[12:48:28.286 [main] INFO org.springframework.test.context.support.AnnotationConfigContextLoaderUtils -- Could not detect default configuration classes for test class [com.project.googledrive.GoogledriveApplicationTests]: GoogledriveApplicationTests does not declare any static, non-private, non-final, nested classes annotated with @Configuration.
12:48:28.323 [main] INFO org.springframework.boot.test.context.SpringBootTestContextBootstrapper -- Found @SpringBootConfiguration com.project.googledrive.GoogledriveApplication for test class com.project.googledrive.GoogledriveApplicationTests

  .   ____          _            __ _ _
 /\\ / ___'_ __ _ _(_)_ __  __ _ \ \ \ \
( ( )\___ | '_ | '_| | '_ \/ _` | \ \ \ \
 \\/  ___)| |_)| | | | | || (_| |  ) ) ) )
  '  |____| .__|_| |_|_| |_\__, | / / / /
 =========|_|==============|___/=/_/_/_/

 :: Spring Boot ::                (v3.5.7)

2025-10-27T12:48:28.446-07:00  INFO 88931 --- [googledrive] [           main] c.p.g.GoogledriveApplicationTests        : Starting GoogledriveApplicationTests using Java 25 with PID 88931 (started by richapadhariya in /Users/richapadhariya/Documents/Sem-1/INFO 5100/Mini-Google-Drive-Dropbox/backend/googledrive)
2025-10-27T12:48:28.446-07:00  INFO 88931 --- [googledrive] [           main] c.p.g.GoogledriveApplicationTests        : No active profile set, falling back to 1 default profile: "default"
2025-10-27T12:48:28.623-07:00  INFO 88931 --- [googledrive] [           main] .s.d.r.c.RepositoryConfigurationDelegate : Bootstrapping Spring Data MongoDB repositories in DEFAULT mode.
2025-10-27T12:48:28.629-07:00  INFO 88931 --- [googledrive] [           main] .s.d.r.c.RepositoryConfigurationDelegate : Finished Spring Data repository scanning in 3 ms. Found 0 MongoDB repository interfaces.
2025-10-27T12:48:28.881-07:00  INFO 88931 --- [googledrive] [           main] org.mongodb.driver.client                : MongoClient with metadata {"driver": {"name": "mongo-java-driver|sync|spring-boot", "version": "5.5.2"}, "os": {"type": "Darwin", "name": "Mac OS X", "architecture": "aarch64", "version": "15.6"}, "platform": "Java/Homebrew/25"} created with settings MongoClientSettings{readPreference=primary, writeConcern=WriteConcern{w=null, wTimeout=null ms, journal=null}, retryWrites=true, retryReads=true, readConcern=ReadConcern{level=null}, credential=null, transportSettings=null, commandListeners=[], codecRegistry=ProvidersCodecRegistry{codecProviders=[ValueCodecProvider{}, BsonValueCodecProvider{}, DBRefCodecProvider{}, DBObjectCodecProvider{}, DocumentCodecProvider{}, CollectionCodecProvider{}, IterableCodecProvider{}, MapCodecProvider{}, GeoJsonCodecProvider{}, GridFSFileCodecProvider{}, Jsr310CodecProvider{}, JsonObjectCodecProvider{}, BsonCodecProvider{}, EnumCodecProvider{}, com.mongodb.client.model.mql.ExpressionCodecProvider@be164d8, com.mongodb.Jep395RecordCodecProvider@1b24ea2a, com.mongodb.KotlinCodecProvider@5df6163a]}, loggerSettings=LoggerSettings{maxDocumentLength=1000}, clusterSettings={hosts=[localhost:27017], srvServiceName=mongodb, mode=SINGLE, requiredClusterType=UNKNOWN, requiredReplicaSetName='null', serverSelector='null', clusterListeners='[]', serverSelectionTimeout='30000 ms', localThreshold='15 ms'}, socketSettings=SocketSettings{connectTimeoutMS=10000, readTimeoutMS=0, receiveBufferSize=0, proxySettings=ProxySettings{host=null, port=null, username=null, password=null}}, heartbeatSocketSettings=SocketSettings{connectTimeoutMS=10000, readTimeoutMS=10000, receiveBufferSize=0, proxySettings=ProxySettings{host=null, port=null, username=null, password=null}}, connectionPoolSettings=ConnectionPoolSettings{maxSize=100, minSize=0, maxWaitTimeMS=120000, maxConnectionLifeTimeMS=0, maxConnectionIdleTimeMS=0, maintenanceInitialDelayMS=0, maintenanceFrequencyMS=60000, connectionPoolListeners=[], maxConnecting=2}, serverSettings=ServerSettings{heartbeatFrequencyMS=10000, minHeartbeatFrequencyMS=500, serverMonitoringMode=AUTO, serverListeners='[]', serverMonitorListeners='[]'}, sslSettings=SslSettings{enabled=false, invalidHostNameAllowed=false, context=null}, applicationName='null', compressorList=[], uuidRepresentation=JAVA_LEGACY, serverApi=null, autoEncryptionSettings=null, dnsClient=null, inetAddressResolver=null, contextProvider=null, timeoutMS=null}
2025-10-27T12:48:28.886-07:00  INFO 88931 --- [googledrive] [localhost:27017] org.mongodb.driver.cluster               : Exception in monitor thread while connecting to server localhost:27017

com.mongodb.MongoSocketOpenException: Exception opening socket
	at com.mongodb.internal.connection.SocketStream.lambda$open$0(SocketStream.java:85) ~[mongodb-driver-core-5.5.2.jar:na]
	at java.base/java.util.Optional.orElseThrow(Optional.java:403) ~[na:na]
	at com.mongodb.internal.connection.SocketStream.open(SocketStream.java:85) ~[mongodb-driver-core-5.5.2.jar:na]
	at com.mongodb.internal.connection.InternalStreamConnection.open(InternalStreamConnection.java:233) ~[mongodb-driver-core-5.5.2.jar:na]
	at com.mongodb.internal.connection.DefaultServerMonitor$ServerMonitor.lookupServerDescription(DefaultServerMonitor.java:219) ~[mongodb-driver-core-5.5.2.jar:na]
	at com.mongodb.internal.connection.DefaultServerMonitor$ServerMonitor.run(DefaultServerMonitor.java:176) ~[mongodb-driver-core-5.5.2.jar:na]
Caused by: java.net.ConnectException: Connection refused
	at java.base/sun.nio.ch.Net.pollConnect(Native Method) ~[na:na]
	at java.base/sun.nio.ch.Net.pollConnectNow(Net.java:639) ~[na:na]
	at java.base/sun.nio.ch.NioSocketImpl.timedFinishConnect(NioSocketImpl.java:543) ~[na:na]
	at java.base/sun.nio.ch.NioSocketImpl.connect(NioSocketImpl.java:594) ~[na:na]
	at java.base/java.net.SocksSocketImpl.connect(SocksSocketImpl.java:284) ~[na:na]
	at java.base/java.net.Socket.connect(Socket.java:659) ~[na:na]
	at com.mongodb.internal.connection.SocketStreamHelper.initialize(SocketStreamHelper.java:76) ~[mongodb-driver-core-5.5.2.jar:na]
	at com.mongodb.internal.connection.SocketStream.initializeSocket(SocketStream.java:104) ~[mongodb-driver-core-5.5.2.jar:na]
	at com.mongodb.internal.connection.SocketStream.open(SocketStream.java:79) ~[mongodb-driver-core-5.5.2.jar:na]
	... 3 common frames omitted

2025-10-27T12:48:28.956-07:00  WARN 88931 --- [googledrive] [           main] .s.s.UserDetailsServiceAutoConfiguration : 

Using generated security password: b415ee7b-b5b3-47ba-bfd3-8fcb171ae8c8

This generated password is for development use only. Your security configuration must be updated before running your application in production.

2025-10-27T12:48:28.958-07:00  INFO 88931 --- [googledrive] [           main] r$InitializeUserDetailsManagerConfigurer : Global AuthenticationManager configured with UserDetailsService bean with name inMemoryUserDetailsManager
2025-10-27T12:48:28.993-07:00  INFO 88931 --- [googledrive] [           main] c.p.g.GoogledriveApplicationTests        : Started GoogledriveApplicationTests in 0.623 seconds (process running for 0.921)
]]></system-out>
    <system-err><![CDATA[Mockito is currently self-attaching to enable the inline-mock-maker. This will no longer work in future releases of the JDK. Please add Mockito as an agent to your build as described in Mockito's documentation: https://javadoc.io/doc/org.mockito/mockito-core/latest/org.mockito/org/mockito/Mockito.html#0.3
WARNING: A Java agent has been loaded dynamically (/Users/richapadhariya/.m2/repository/net/bytebuddy/byte-buddy-agent/1.17.8/byte-buddy-agent-1.17.8.jar)
WARNING: If a serviceability tool is in use, please run with -XX:+EnableDynamicAgentLoading to hide this warning
WARNING: If a serviceability tool is not in use, please run with -Djdk.instrument.traceUsage for more information
WARNING: Dynamic loading of agents will be disallowed by default in a future release
]]></system-err>
  </testcase>
</testsuite>